**********************
* MERGE PROGRESS LOG *
**********************
[2024-10-20 16:47:51] [INFO]: starting DeltaProject merge for: C:\Users\Robotics\Documents\2024_PMMI_Challenge\Spruce Packaging Model 733R\IM\HMI\I\5\Context.wrk\deltas\721
[2024-10-20 16:47:51] [WARNING]: Open optional file failed: C:\Users\Robotics\Documents\2024_PMMI_Challenge\Spruce Packaging Model 733R\IM\HMI\I\5\Context.wrk\deltas\720\runtime.rdf
[2024-10-20 16:47:51] [WARNING]: Open optional file failed: C:\Users\Robotics\Documents\2024_PMMI_Challenge\Spruce Packaging Model 733R\IM\HMI\I\5\Context.wrk\deltas\720\persistent.rdf
[2024-10-20 16:47:51] [WARNING]: Open optional file failed: C:\Users\Robotics\Documents\2024_PMMI_Challenge\Spruce Packaging Model 733R\IM\HMI\I\5\Context.wrk\deltas\721\runtime.rdf
[2024-10-20 16:47:51] [WARNING]: Open optional file failed: C:\Users\Robotics\Documents\2024_PMMI_Challenge\Spruce Packaging Model 733R\IM\HMI\I\5\Context.wrk\deltas\721\persistent.rdf
[2024-10-20 16:47:51] [INFO]: Starting Job number 1: COPY RESOURCE JOB
[2024-10-20 16:47:51] [INFO]: The job was executed succesfully.
[2024-10-20 16:47:51] [INFO]: Starting Job number 2: COPY RESOURCE JOB
[2024-10-20 16:47:51] [INFO]: The job was executed succesfully.
[2024-10-20 16:47:51] [INFO]: Starting Job number 3: COPY RESOURCE JOB
[2024-10-20 16:47:51] [INFO]: The job was executed succesfully.
[2024-10-20 16:47:51] [INFO]: Starting Job number 4: MERGE DELTA JOB
[2024-10-20 16:47:51] [INFO]: The job was executed succesfully.
[2024-10-20 16:47:51] [INFO]: Starting Job number 5: JOIN JOB
[2024-10-20 16:47:51] [INFO]: The job was executed succesfully.
[2024-10-20 16:47:51] [INFO]: Starting Job number 6: DELETE JOB
[2024-10-20 16:47:51] [INFO]: The job was executed succesfully.
[2024-10-20 16:47:51] [INFO]: Starting Job number 7: MERGE DELTA JOB
[2024-10-20 16:47:51] [INFO]: The job was executed succesfully.
[2024-10-20 16:47:51] [INFO]: Starting Job number 8: MERGE DELTA JOB
[2024-10-20 16:47:51] [INFO]: The job was executed succesfully.
[2024-10-20 16:47:51] [INFO]: Starting Job number 9: JOIN JOB
[2024-10-20 16:47:51] [INFO]: The job was executed succesfully.
[2024-10-20 16:47:51] [INFO]: Starting Job number 10: DELETE JOB
[2024-10-20 16:47:51] [INFO]: The job was executed succesfully.
[2024-10-20 16:47:51] [INFO]: Starting Job number 11: DELETE JOB
[2024-10-20 16:47:51] [INFO]: The job was executed succesfully.
[2024-10-20 16:47:51] [INFO]: Starting Job number 12: MERGE DELTA JOB
[2024-10-20 16:47:51] [INFO]: The job was executed succesfully.
[2024-10-20 16:47:51] [INFO]: Starting Job number 13: JOIN JOB
[2024-10-20 16:47:51] [INFO]: The job was executed succesfully.
[2024-10-20 16:47:51] [INFO]: Starting Job number 14: DELETE JOB
[2024-10-20 16:47:51] [INFO]: The job was executed succesfully.
[2024-10-20 16:47:51] [INFO]: Starting Job number 15: MERGE DELTA JOB
[2024-10-20 16:47:51] [INFO]: The job was executed succesfully.
[2024-10-20 16:47:51] [INFO]: Starting Job number 16: JOIN JOB
[2024-10-20 16:47:51] [INFO]: The job was executed succesfully.
[2024-10-20 16:47:51] [INFO]: Starting Job number 17: DELETE JOB
[2024-10-20 16:47:51] [INFO]: The job was executed succesfully.
[2024-10-20 16:47:51] [INFO]: Starting Job number 18: MERGE DELTA JOB
[2024-10-20 16:47:51] [INFO]: The job was executed succesfully.
[2024-10-20 16:47:51] [INFO]: Starting Job number 19: JOIN JOB
[2024-10-20 16:47:51] [INFO]: The job was executed succesfully.
[2024-10-20 16:47:51] [INFO]: Starting Job number 20: DELETE JOB
[2024-10-20 16:47:51] [INFO]: The job was executed succesfully.
[2024-10-20 16:47:51] [INFO]: Starting Job number 21: MERGE DELTA JOB
[2024-10-20 16:47:51] [INFO]: The job was executed succesfully.
[2024-10-20 16:47:51] [INFO]: Starting Job number 22: JOIN JOB
[2024-10-20 16:47:51] [INFO]: The job was executed succesfully.
[2024-10-20 16:47:51] [INFO]: Starting Job number 23: DELETE JOB
[2024-10-20 16:47:51] [INFO]: The job was executed succesfully.
[2024-10-20 16:47:51] [INFO]: Starting Job number 24: MERGE DELTA JOB
[2024-10-20 16:47:51] [INFO]: The job was executed succesfully.
[2024-10-20 16:47:51] [INFO]: Starting Job number 25: JOIN JOB
[2024-10-20 16:47:51] [INFO]: The job was executed succesfully.
[2024-10-20 16:47:51] [INFO]: Starting Job number 26: DELETE JOB
[2024-10-20 16:47:51] [INFO]: The job was executed succesfully.
[2024-10-20 16:47:51] [INFO]: Starting Job number 27: MERGE DELTA JOB
[2024-10-20 16:47:51] [INFO]: The job was executed succesfully.
[2024-10-20 16:47:51] [INFO]: Starting Job number 28: JOIN JOB
[2024-10-20 16:47:51] [INFO]: The job was executed succesfully.
[2024-10-20 16:47:51] [INFO]: Starting Job number 29: DELETE JOB
[2024-10-20 16:47:51] [INFO]: The job was executed succesfully.
[2024-10-20 16:47:51] [INFO]: Starting Job number 30: MERGE DELTA JOB
[2024-10-20 16:47:51] [INFO]: The job was executed succesfully.
[2024-10-20 16:47:51] [INFO]: Starting Job number 31: JOIN JOB
[2024-10-20 16:47:52] [INFO]: The job was executed succesfully.
[2024-10-20 16:47:52] [INFO]: Starting Job number 32: DELETE JOB
[2024-10-20 16:47:52] [INFO]: The job was executed succesfully.
[2024-10-20 16:47:52] [INFO]: Starting Job number 33: MERGE DELTA JOB
[2024-10-20 16:47:52] [INFO]: The job was executed succesfully.
[2024-10-20 16:47:52] [INFO]: Starting Job number 34: JOIN JOB
[2024-10-20 16:47:52] [INFO]: The job was executed succesfully.
[2024-10-20 16:47:52] [INFO]: Starting Job number 35: DELETE JOB
[2024-10-20 16:47:52] [INFO]: The job was executed succesfully.
[2024-10-20 16:47:52] [INFO]: Starting Job number 36: MERGE DELTA JOB
[2024-10-20 16:47:52] [INFO]: The job was executed succesfully.
[2024-10-20 16:47:52] [INFO]: Starting Job number 37: JOIN JOB
[2024-10-20 16:47:52] [INFO]: The job was executed succesfully.
[2024-10-20 16:47:52] [INFO]: Starting Job number 38: DELETE JOB
[2024-10-20 16:47:52] [INFO]: The job was executed succesfully.
[2024-10-20 16:47:52] [INFO]: Starting Job number 39: MERGE DELTA JOB
[2024-10-20 16:47:52] [INFO]: The job was executed succesfully.
[2024-10-20 16:47:52] [INFO]: Starting Job number 40: JOIN JOB
[2024-10-20 16:47:52] [INFO]: The job was executed succesfully.
[2024-10-20 16:47:52] [INFO]: Starting Job number 41: DELETE JOB
[2024-10-20 16:47:52] [INFO]: The job was executed succesfully.
[2024-10-20 16:47:52] [INFO]: Starting Job number 42: MERGE DELTA JOB
[2024-10-20 16:47:52] [INFO]: The job was executed succesfully.
[2024-10-20 16:47:52] [INFO]: Starting Job number 43: JOIN JOB
[2024-10-20 16:47:52] [INFO]: The job was executed succesfully.
[2024-10-20 16:47:52] [INFO]: Starting Job number 44: DELETE JOB
[2024-10-20 16:47:52] [INFO]: The job was executed succesfully.
[2024-10-20 16:47:52] [INFO]: Starting Job number 45: MERGE DELTA JOB
[2024-10-20 16:47:52] [INFO]: The job was executed succesfully.
[2024-10-20 16:47:52] [INFO]: Starting Job number 46: JOIN JOB
[2024-10-20 16:47:52] [INFO]: The job was executed succesfully.
[2024-10-20 16:47:52] [INFO]: Starting Job number 47: DELETE JOB
[2024-10-20 16:47:52] [INFO]: The job was executed succesfully.
[2024-10-20 16:47:52] [INFO]: Starting Job number 48: MERGE ADD JOB
[2024-10-20 16:47:52] [INFO]: The job was executed succesfully.
[2024-10-20 16:47:52] [INFO]: Starting Job number 49: MERGE ADD JOB
[2024-10-20 16:47:52] [INFO]: The job was executed succesfully.
[2024-10-20 16:47:52] [INFO]: Starting Job number 50: MERGE ADD JOB
[2024-10-20 16:47:52] [INFO]: The job was executed succesfully.
[2024-10-20 16:47:52] [INFO]: Starting Job number 51: MERGE ADD JOB
[2024-10-20 16:47:52] [INFO]: The job was executed succesfully.
[2024-10-20 16:47:52] [INFO]: Starting Job number 52: MERGE ADD JOB
[2024-10-20 16:47:52] [INFO]: The job was executed succesfully.
[2024-10-20 16:47:52] [INFO]: Starting Job number 53: MERGE ADD JOB
[2024-10-20 16:47:52] [INFO]: The job was executed succesfully.
[2024-10-20 16:47:52] [INFO]: Starting Job number 54: MERGE ADD JOB
[2024-10-20 16:47:52] [INFO]: The job was executed succesfully.
[2024-10-20 16:47:52] [INFO]: Starting Job number 55: MERGE ADD JOB
[2024-10-20 16:47:52] [INFO]: The job was executed succesfully.
[2024-10-20 16:47:52] [INFO]: Starting Job number 56: MERGE ADD JOB
[2024-10-20 16:47:52] [INFO]: The job was executed succesfully.
[2024-10-20 16:47:52] [INFO]: Starting Job number 57: MERGE ADD JOB
[2024-10-20 16:47:52] [INFO]: The job was executed succesfully.
[2024-10-20 16:47:52] [INFO]: Starting Job number 58: MERGE ADD JOB
[2024-10-20 16:47:52] [INFO]: The job was executed succesfully.
[2024-10-20 16:47:52] [INFO]: Starting Job number 59: MERGE ADD JOB
[2024-10-20 16:47:52] [INFO]: The job was executed succesfully.
[2024-10-20 16:47:52] [INFO]: Starting Job number 60: MERGE DELTA JOB
[2024-10-20 16:47:52] [INFO]: The job was executed succesfully.
[2024-10-20 16:47:52] [INFO]: Starting Job number 61: MERGE DELTA JOB
[2024-10-20 16:47:52] [INFO]: The job was executed succesfully.
[2024-10-20 16:47:52] [INFO]: Starting Job number 62: MERGE DELTA JOB
[2024-10-20 16:47:52] [INFO]: The job was executed succesfully.
[2024-10-20 16:47:52] [INFO]: Starting Job number 63: MERGE DELTA JOB
[2024-10-20 16:47:52] [INFO]: The job was executed succesfully.
[2024-10-20 16:47:52] [INFO]: Starting Job number 64: MERGE DELTA JOB
[2024-10-20 16:47:52] [INFO]: The job was executed succesfully.
[2024-10-20 16:47:52] [INFO]: Starting Job number 65: MERGE DELTA JOB
[2024-10-20 16:47:52] [INFO]: The job was executed succesfully.
[2024-10-20 16:47:52] [INFO]: Starting Job number 66: JOIN JOB
[2024-10-20 16:47:52] [INFO]: The job was executed succesfully.
[2024-10-20 16:47:52] [INFO]: Starting Job number 67: DELETE JOB
[2024-10-20 16:47:52] [INFO]: The job was executed succesfully.
[2024-10-20 16:47:52] [INFO]: Starting Job number 68: DELETE JOB
[2024-10-20 16:47:52] [INFO]: The job was executed succesfully.
[2024-10-20 16:47:52] [INFO]: Starting Job number 69: DELETE JOB
[2024-10-20 16:47:52] [INFO]: The job was executed succesfully.
[2024-10-20 16:47:52] [INFO]: Starting Job number 70: DELETE JOB
[2024-10-20 16:47:52] [INFO]: The job was executed succesfully.
[2024-10-20 16:47:52] [INFO]: Starting Job number 71: DELETE JOB
[2024-10-20 16:47:52] [INFO]: The job was executed succesfully.
[2024-10-20 16:47:52] [INFO]: Starting Job number 72: DELETE JOB
[2024-10-20 16:47:52] [INFO]: The job was executed succesfully.
[2024-10-20 16:47:52] [INFO]: Starting Job number 73: DELETE JOB
[2024-10-20 16:47:52] [INFO]: The job was executed succesfully.
[2024-10-20 16:47:52] [INFO]: DONE! Rdf delta project merge succeed!
[2024-10-20 16:47:52] [WARNING]: Attempt number: 1. Removing the directory C:\Users\Robotics\Documents\2024_PMMI_Challenge\Spruce Packaging Model 733R\IM\HMI\I\5\Context.wrk\deltas\721\config failed! Reason: File permission denied
[2024-10-20 16:47:52] [WARNING]: Attempt number: 2. Removing the directory C:\Users\Robotics\Documents\2024_PMMI_Challenge\Spruce Packaging Model 733R\IM\HMI\I\5\Context.wrk\deltas\721\config failed! Reason: File permission denied
[2024-10-20 16:47:52] [ERROR]: Attempt number: 3. Removing the directory C:\Users\Robotics\Documents\2024_PMMI_Challenge\Spruce Packaging Model 733R\IM\HMI\I\5\Context.wrk\deltas\721\config failed 3 times. Reason: File permission denied Giving up retrying...
[2024-10-20 16:47:52] [WARNING]: Attempt number: 1. Removing the directory C:\Users\Robotics\Documents\2024_PMMI_Challenge\Spruce Packaging Model 733R\IM\HMI\I\5\Context.wrk\deltas\721\screens failed! Reason: File permission denied
[2024-10-20 16:47:52] [WARNING]: Attempt number: 2. Removing the directory C:\Users\Robotics\Documents\2024_PMMI_Challenge\Spruce Packaging Model 733R\IM\HMI\I\5\Context.wrk\deltas\721\screens failed! Reason: File permission denied
[2024-10-20 16:47:52] [ERROR]: Attempt number: 3. Removing the directory C:\Users\Robotics\Documents\2024_PMMI_Challenge\Spruce Packaging Model 733R\IM\HMI\I\5\Context.wrk\deltas\721\screens failed 3 times. Reason: File permission denied Giving up retrying...
