**********************
* MERGE PROGRESS LOG *
**********************
[2024-10-22 00:56:40] [INFO]: Starting merge for Project: C:\Users\Robotics\Documents\2024_PMMI_Challenge\Spruce Packaging Model 733R\IM\HMI\I\5\Context.wrk
[2024-10-22 00:56:40] [INFO]: Setting up Full Project Merge...
[2024-10-22 00:56:40] [WARNING]: Open optional file failed: C:\Users\Robotics\Documents\2024_PMMI_Challenge\Spruce Packaging Model 733R\IM\HMI\I\5\Context.wrk\system\runtime.rdf
[2024-10-22 00:56:40] [WARNING]: Open optional file failed: C:\Users\Robotics\Documents\2024_PMMI_Challenge\Spruce Packaging Model 733R\IM\HMI\I\5\Context.wrk\system\persistent.rdf
[2024-10-22 00:56:40] [WARNING]: Open optional file failed: C:\Users\Robotics\Documents\2024_PMMI_Challenge\Spruce Packaging Model 733R\IM\HMI\I\5\Context.wrk\deltas\754\runtime.rdf
[2024-10-22 00:56:40] [WARNING]: Open optional file failed: C:\Users\Robotics\Documents\2024_PMMI_Challenge\Spruce Packaging Model 733R\IM\HMI\I\5\Context.wrk\deltas\754\persistent.rdf
[2024-10-22 00:56:40] [INFO]: Number of Jobs to execute: 41
[2024-10-22 00:56:40] [INFO]: Starting Job number 1: MERGE JOB
[2024-10-22 00:56:40] [INFO]: The job was executed succesfully.
[2024-10-22 00:56:40] [INFO]: Starting Job number 2: MERGE JOB
[2024-10-22 00:56:40] [INFO]: The job was executed succesfully.
[2024-10-22 00:56:40] [INFO]: Starting Job number 3: MERGE JOB
[2024-10-22 00:56:40] [INFO]: The job was executed succesfully.
[2024-10-22 00:56:40] [INFO]: Starting Job number 4: JOIN JOB
[2024-10-22 00:56:40] [INFO]: The job was executed succesfully.
[2024-10-22 00:56:40] [INFO]: Starting Job number 5: MERGE JOB
[2024-10-22 00:56:40] [INFO]: The job was executed succesfully.
[2024-10-22 00:56:40] [INFO]: Starting Job number 6: MERGE JOB
[2024-10-22 00:56:40] [INFO]: The job was executed succesfully.
[2024-10-22 00:56:40] [INFO]: Starting Job number 7: JOIN JOB
[2024-10-22 00:56:40] [INFO]: The job was executed succesfully.
[2024-10-22 00:56:40] [INFO]: Starting Job number 8: MERGE JOB
[2024-10-22 00:56:40] [INFO]: The job was executed succesfully.
[2024-10-22 00:56:40] [INFO]: Starting Job number 9: MERGE JOB
[2024-10-22 00:56:40] [INFO]: The job was executed succesfully.
[2024-10-22 00:56:40] [INFO]: Starting Job number 10: JOIN JOB
[2024-10-22 00:56:40] [INFO]: The job was executed succesfully.
[2024-10-22 00:56:40] [INFO]: Starting Job number 11: MERGE JOB
[2024-10-22 00:56:40] [INFO]: The job was executed succesfully.
[2024-10-22 00:56:40] [INFO]: Starting Job number 12: MERGE JOB
[2024-10-22 00:56:40] [INFO]: The job was executed succesfully.
[2024-10-22 00:56:40] [INFO]: Starting Job number 13: JOIN JOB
[2024-10-22 00:56:40] [INFO]: The job was executed succesfully.
[2024-10-22 00:56:40] [INFO]: Starting Job number 14: MERGE JOB
[2024-10-22 00:56:40] [INFO]: The job was executed succesfully.
[2024-10-22 00:56:40] [INFO]: Starting Job number 15: JOIN JOB
[2024-10-22 00:56:41] [INFO]: The job was executed succesfully.
[2024-10-22 00:56:41] [INFO]: Starting Job number 16: MERGE JOB
[2024-10-22 00:56:41] [INFO]: The job was executed succesfully.
[2024-10-22 00:56:41] [INFO]: Starting Job number 17: MERGE JOB
[2024-10-22 00:56:41] [INFO]: The job was executed succesfully.
[2024-10-22 00:56:41] [INFO]: Starting Job number 18: JOIN JOB
[2024-10-22 00:56:41] [INFO]: The job was executed succesfully.
[2024-10-22 00:56:41] [INFO]: Starting Job number 19: MERGE JOB
[2024-10-22 00:56:41] [INFO]: The job was executed succesfully.
[2024-10-22 00:56:41] [INFO]: Starting Job number 20: JOIN JOB
[2024-10-22 00:56:41] [INFO]: The job was executed succesfully.
[2024-10-22 00:56:41] [INFO]: Starting Job number 21: FINALIZE JOB
[2024-10-22 00:56:41] [INFO]: The job was executed succesfully.
[2024-10-22 00:56:41] [INFO]: Starting Job number 22: DELETE JOB
[2024-10-22 00:56:41] [INFO]: The job was executed succesfully.
[2024-10-22 00:56:41] [INFO]: Starting Job number 23: DELETE JOB
[2024-10-22 00:56:41] [INFO]: The job was executed succesfully.
[2024-10-22 00:56:41] [INFO]: Starting Job number 24: FINALIZE JOB
[2024-10-22 00:56:41] [INFO]: The job was executed succesfully.
[2024-10-22 00:56:41] [INFO]: Starting Job number 25: DELETE JOB
[2024-10-22 00:56:41] [INFO]: The job was executed succesfully.
[2024-10-22 00:56:41] [INFO]: Starting Job number 26: DELETE JOB
[2024-10-22 00:56:41] [INFO]: The job was executed succesfully.
[2024-10-22 00:56:41] [INFO]: Starting Job number 27: FINALIZE JOB
[2024-10-22 00:56:41] [INFO]: The job was executed succesfully.
[2024-10-22 00:56:41] [INFO]: Starting Job number 28: DELETE JOB
[2024-10-22 00:56:41] [INFO]: The job was executed succesfully.
[2024-10-22 00:56:41] [INFO]: Starting Job number 29: DELETE JOB
[2024-10-22 00:56:41] [INFO]: The job was executed succesfully.
[2024-10-22 00:56:41] [INFO]: Starting Job number 30: FINALIZE JOB
[2024-10-22 00:56:41] [INFO]: The job was executed succesfully.
[2024-10-22 00:56:41] [INFO]: Starting Job number 31: FINALIZE JOB
[2024-10-22 00:56:41] [INFO]: The job was executed succesfully.
[2024-10-22 00:56:41] [INFO]: Starting Job number 32: DELETE JOB
[2024-10-22 00:56:41] [INFO]: The job was executed succesfully.
[2024-10-22 00:56:41] [INFO]: Starting Job number 33: DELETE JOB
[2024-10-22 00:56:41] [INFO]: The job was executed succesfully.
[2024-10-22 00:56:41] [INFO]: Starting Job number 34: DELETE JOB
[2024-10-22 00:56:41] [INFO]: The job was executed succesfully.
[2024-10-22 00:56:41] [INFO]: Starting Job number 35: DELETE JOB
[2024-10-22 00:56:41] [INFO]: The job was executed succesfully.
[2024-10-22 00:56:41] [INFO]: Starting Job number 36: FINALIZE JOB
[2024-10-22 00:56:41] [INFO]: The job was executed succesfully.
[2024-10-22 00:56:41] [INFO]: Starting Job number 37: DELETE JOB
[2024-10-22 00:56:41] [INFO]: The job was executed succesfully.
[2024-10-22 00:56:41] [INFO]: Starting Job number 38: DELETE JOB
[2024-10-22 00:56:41] [INFO]: The job was executed succesfully.
[2024-10-22 00:56:41] [INFO]: Starting Job number 39: DELETE JOB
[2024-10-22 00:56:41] [INFO]: The job was executed succesfully.
[2024-10-22 00:56:41] [INFO]: Starting Job number 40: FINALIZE JOB
[2024-10-22 00:56:41] [INFO]: The job was executed succesfully.
[2024-10-22 00:56:41] [INFO]: Starting Job number 41: DELETE JOB
[2024-10-22 00:56:41] [INFO]: The job was executed succesfully.
[2024-10-22 00:56:41] [INFO]: DONE! Merge succeeded
