**********************
* MERGE PROGRESS LOG *
**********************
[2024-10-19 11:36:56] [INFO]: Starting merge for Project: C:\Users\Robotics\Documents\2024_PMMI_Challenge\Spruce Packaging Model 733R\IM\HMI\I\5\Context.wrk
[2024-10-19 11:36:56] [INFO]: Setting up Full Project Merge...
[2024-10-19 11:36:56] [WARNING]: Open optional file failed: C:\Users\Robotics\Documents\2024_PMMI_Challenge\Spruce Packaging Model 733R\IM\HMI\I\5\Context.wrk\system\runtime.rdf
[2024-10-19 11:36:56] [WARNING]: Open optional file failed: C:\Users\Robotics\Documents\2024_PMMI_Challenge\Spruce Packaging Model 733R\IM\HMI\I\5\Context.wrk\system\persistent.rdf
[2024-10-19 11:36:56] [WARNING]: Open optional file failed: C:\Users\Robotics\Documents\2024_PMMI_Challenge\Spruce Packaging Model 733R\IM\HMI\I\5\Context.wrk\deltas\597\runtime.rdf
[2024-10-19 11:36:56] [WARNING]: Open optional file failed: C:\Users\Robotics\Documents\2024_PMMI_Challenge\Spruce Packaging Model 733R\IM\HMI\I\5\Context.wrk\deltas\597\persistent.rdf
[2024-10-19 11:36:56] [INFO]: Number of Jobs to execute: 89
[2024-10-19 11:36:56] [INFO]: Starting Job number 1: MERGE JOB
[2024-10-19 11:36:56] [INFO]: The job was executed succesfully.
[2024-10-19 11:36:56] [INFO]: Starting Job number 2: MERGE JOB
[2024-10-19 11:36:56] [INFO]: The job was executed succesfully.
[2024-10-19 11:36:56] [INFO]: Starting Job number 3: MERGE JOB
[2024-10-19 11:36:56] [INFO]: The job was executed succesfully.
[2024-10-19 11:36:56] [INFO]: Starting Job number 4: MERGE JOB
[2024-10-19 11:36:57] [INFO]: The job was executed succesfully.
[2024-10-19 11:36:57] [INFO]: Starting Job number 5: MERGE JOB
[2024-10-19 11:36:57] [INFO]: The job was executed succesfully.
[2024-10-19 11:36:57] [INFO]: Starting Job number 6: MERGE JOB
[2024-10-19 11:36:57] [INFO]: The job was executed succesfully.
[2024-10-19 11:36:57] [INFO]: Starting Job number 7: MERGE JOB
[2024-10-19 11:36:57] [INFO]: The job was executed succesfully.
[2024-10-19 11:36:57] [INFO]: Starting Job number 8: JOIN JOB
[2024-10-19 11:36:57] [INFO]: The job was executed succesfully.
[2024-10-19 11:36:57] [INFO]: Starting Job number 9: FINALIZE JOB
[2024-10-19 11:36:57] [INFO]: The job was executed succesfully.
[2024-10-19 11:36:57] [INFO]: Starting Job number 10: DELETE JOB
[2024-10-19 11:36:57] [INFO]: The job was executed succesfully.
[2024-10-19 11:36:57] [INFO]: Starting Job number 11: DELETE JOB
[2024-10-19 11:36:57] [INFO]: The job was executed succesfully.
[2024-10-19 11:36:57] [INFO]: Starting Job number 12: DELETE JOB
[2024-10-19 11:36:57] [INFO]: The job was executed succesfully.
[2024-10-19 11:36:57] [INFO]: Starting Job number 13: DELETE JOB
[2024-10-19 11:36:57] [INFO]: The job was executed succesfully.
[2024-10-19 11:36:57] [INFO]: Starting Job number 14: DELETE JOB
[2024-10-19 11:36:57] [INFO]: The job was executed succesfully.
[2024-10-19 11:36:57] [INFO]: Starting Job number 15: DELETE JOB
[2024-10-19 11:36:57] [INFO]: The job was executed succesfully.
[2024-10-19 11:36:57] [INFO]: Starting Job number 16: DELETE JOB
[2024-10-19 11:36:57] [INFO]: The job was executed succesfully.
[2024-10-19 11:36:57] [INFO]: Starting Job number 17: MERGE JOB
[2024-10-19 11:36:57] [INFO]: The job was executed succesfully.
[2024-10-19 11:36:57] [INFO]: Starting Job number 18: MERGE JOB
[2024-10-19 11:36:57] [INFO]: The job was executed succesfully.
[2024-10-19 11:36:57] [INFO]: Starting Job number 19: MERGE JOB
[2024-10-19 11:36:57] [INFO]: The job was executed succesfully.
[2024-10-19 11:36:57] [INFO]: Starting Job number 20: MERGE JOB
[2024-10-19 11:36:57] [INFO]: The job was executed succesfully.
[2024-10-19 11:36:57] [INFO]: Starting Job number 21: MERGE JOB
[2024-10-19 11:36:57] [INFO]: The job was executed succesfully.
[2024-10-19 11:36:57] [INFO]: Starting Job number 22: MERGE JOB
[2024-10-19 11:36:57] [INFO]: The job was executed succesfully.
[2024-10-19 11:36:57] [INFO]: Starting Job number 23: MERGE JOB
[2024-10-19 11:36:57] [INFO]: The job was executed succesfully.
[2024-10-19 11:36:57] [INFO]: Starting Job number 24: JOIN JOB
[2024-10-19 11:36:57] [INFO]: The job was executed succesfully.
[2024-10-19 11:36:57] [INFO]: Starting Job number 25: FINALIZE JOB
[2024-10-19 11:36:57] [INFO]: The job was executed succesfully.
[2024-10-19 11:36:57] [INFO]: Starting Job number 26: DELETE JOB
[2024-10-19 11:36:57] [INFO]: The job was executed succesfully.
[2024-10-19 11:36:57] [INFO]: Starting Job number 27: DELETE JOB
[2024-10-19 11:36:57] [INFO]: The job was executed succesfully.
[2024-10-19 11:36:57] [INFO]: Starting Job number 28: DELETE JOB
[2024-10-19 11:36:57] [INFO]: The job was executed succesfully.
[2024-10-19 11:36:57] [INFO]: Starting Job number 29: DELETE JOB
[2024-10-19 11:36:57] [INFO]: The job was executed succesfully.
[2024-10-19 11:36:57] [INFO]: Starting Job number 30: DELETE JOB
[2024-10-19 11:36:57] [INFO]: The job was executed succesfully.
[2024-10-19 11:36:57] [INFO]: Starting Job number 31: DELETE JOB
[2024-10-19 11:36:57] [INFO]: The job was executed succesfully.
[2024-10-19 11:36:57] [INFO]: Starting Job number 32: DELETE JOB
[2024-10-19 11:36:57] [INFO]: The job was executed succesfully.
[2024-10-19 11:36:57] [INFO]: Starting Job number 33: MERGE JOB
[2024-10-19 11:36:57] [INFO]: The job was executed succesfully.
[2024-10-19 11:36:57] [INFO]: Starting Job number 34: MERGE JOB
[2024-10-19 11:36:57] [INFO]: The job was executed succesfully.
[2024-10-19 11:36:57] [INFO]: Starting Job number 35: MERGE JOB
[2024-10-19 11:36:57] [INFO]: The job was executed succesfully.
[2024-10-19 11:36:57] [INFO]: Starting Job number 36: JOIN JOB
[2024-10-19 11:36:57] [INFO]: The job was executed succesfully.
[2024-10-19 11:36:57] [INFO]: Starting Job number 37: MERGE JOB
[2024-10-19 11:36:57] [INFO]: The job was executed succesfully.
[2024-10-19 11:36:57] [INFO]: Starting Job number 38: JOIN JOB
[2024-10-19 11:36:57] [INFO]: The job was executed succesfully.
[2024-10-19 11:36:57] [INFO]: Starting Job number 39: MERGE JOB
[2024-10-19 11:36:57] [INFO]: The job was executed succesfully.
[2024-10-19 11:36:57] [INFO]: Starting Job number 40: JOIN JOB
[2024-10-19 11:36:57] [INFO]: The job was executed succesfully.
[2024-10-19 11:36:57] [INFO]: Starting Job number 41: MERGE JOB
[2024-10-19 11:36:57] [INFO]: The job was executed succesfully.
[2024-10-19 11:36:57] [INFO]: Starting Job number 42: JOIN JOB
[2024-10-19 11:36:57] [INFO]: The job was executed succesfully.
[2024-10-19 11:36:57] [INFO]: Starting Job number 43: MERGE JOB
[2024-10-19 11:36:57] [INFO]: The job was executed succesfully.
[2024-10-19 11:36:57] [INFO]: Starting Job number 44: MERGE JOB
[2024-10-19 11:36:57] [INFO]: The job was executed succesfully.
[2024-10-19 11:36:57] [INFO]: Starting Job number 45: JOIN JOB
[2024-10-19 11:36:57] [INFO]: The job was executed succesfully.
[2024-10-19 11:36:57] [INFO]: Starting Job number 46: MERGE JOB
[2024-10-19 11:36:57] [INFO]: The job was executed succesfully.
[2024-10-19 11:36:57] [INFO]: Starting Job number 47: MERGE JOB
[2024-10-19 11:36:57] [INFO]: The job was executed succesfully.
[2024-10-19 11:36:57] [INFO]: Starting Job number 48: JOIN JOB
[2024-10-19 11:36:57] [INFO]: The job was executed succesfully.
[2024-10-19 11:36:57] [INFO]: Starting Job number 49: MERGE JOB
[2024-10-19 11:36:57] [INFO]: The job was executed succesfully.
[2024-10-19 11:36:57] [INFO]: Starting Job number 50: MERGE JOB
[2024-10-19 11:36:57] [INFO]: The job was executed succesfully.
[2024-10-19 11:36:57] [INFO]: Starting Job number 51: JOIN JOB
[2024-10-19 11:36:57] [INFO]: The job was executed succesfully.
[2024-10-19 11:36:57] [INFO]: Starting Job number 52: MERGE JOB
[2024-10-19 11:36:57] [INFO]: The job was executed succesfully.
[2024-10-19 11:36:57] [INFO]: Starting Job number 53: JOIN JOB
[2024-10-19 11:36:58] [INFO]: The job was executed succesfully.
[2024-10-19 11:36:58] [INFO]: Starting Job number 54: MERGE JOB
[2024-10-19 11:36:58] [INFO]: The job was executed succesfully.
[2024-10-19 11:36:58] [INFO]: Starting Job number 55: JOIN JOB
[2024-10-19 11:36:58] [INFO]: The job was executed succesfully.
[2024-10-19 11:36:58] [INFO]: Starting Job number 56: MERGE JOB
[2024-10-19 11:36:58] [INFO]: The job was executed succesfully.
[2024-10-19 11:36:58] [INFO]: Starting Job number 57: MERGE JOB
[2024-10-19 11:36:58] [INFO]: The job was executed succesfully.
[2024-10-19 11:36:58] [INFO]: Starting Job number 58: JOIN JOB
[2024-10-19 11:36:58] [INFO]: The job was executed succesfully.
[2024-10-19 11:36:58] [INFO]: Starting Job number 59: MERGE JOB
[2024-10-19 11:36:58] [INFO]: The job was executed succesfully.
[2024-10-19 11:36:58] [INFO]: Starting Job number 60: JOIN JOB
[2024-10-19 11:36:58] [INFO]: The job was executed succesfully.
[2024-10-19 11:36:58] [INFO]: Starting Job number 61: FINALIZE JOB
[2024-10-19 11:36:58] [INFO]: The job was executed succesfully.
[2024-10-19 11:36:58] [INFO]: Starting Job number 62: DELETE JOB
[2024-10-19 11:36:58] [INFO]: The job was executed succesfully.
[2024-10-19 11:36:58] [INFO]: Starting Job number 63: DELETE JOB
[2024-10-19 11:36:58] [INFO]: The job was executed succesfully.
[2024-10-19 11:36:58] [INFO]: Starting Job number 64: FINALIZE JOB
[2024-10-19 11:36:58] [INFO]: The job was executed succesfully.
[2024-10-19 11:36:58] [INFO]: Starting Job number 65: DELETE JOB
[2024-10-19 11:36:58] [INFO]: The job was executed succesfully.
[2024-10-19 11:36:58] [INFO]: Starting Job number 66: DELETE JOB
[2024-10-19 11:36:58] [INFO]: The job was executed succesfully.
[2024-10-19 11:36:58] [INFO]: Starting Job number 67: FINALIZE JOB
[2024-10-19 11:36:58] [INFO]: The job was executed succesfully.
[2024-10-19 11:36:58] [INFO]: Starting Job number 68: DELETE JOB
[2024-10-19 11:36:58] [INFO]: The job was executed succesfully.
[2024-10-19 11:36:58] [INFO]: Starting Job number 69: DELETE JOB
[2024-10-19 11:36:58] [INFO]: The job was executed succesfully.
[2024-10-19 11:36:58] [INFO]: Starting Job number 70: FINALIZE JOB
[2024-10-19 11:36:58] [INFO]: The job was executed succesfully.
[2024-10-19 11:36:58] [INFO]: Starting Job number 71: DELETE JOB
[2024-10-19 11:36:58] [INFO]: The job was executed succesfully.
[2024-10-19 11:36:58] [INFO]: Starting Job number 72: FINALIZE JOB
[2024-10-19 11:36:58] [INFO]: The job was executed succesfully.
[2024-10-19 11:36:58] [INFO]: Starting Job number 73: DELETE JOB
[2024-10-19 11:36:58] [INFO]: The job was executed succesfully.
[2024-10-19 11:36:58] [INFO]: Starting Job number 74: DELETE JOB
[2024-10-19 11:36:58] [INFO]: The job was executed succesfully.
[2024-10-19 11:36:58] [INFO]: Starting Job number 75: FINALIZE JOB
[2024-10-19 11:36:58] [INFO]: The job was executed succesfully.
[2024-10-19 11:36:58] [INFO]: Starting Job number 76: DELETE JOB
[2024-10-19 11:36:58] [INFO]: The job was executed succesfully.
[2024-10-19 11:36:58] [INFO]: Starting Job number 77: DELETE JOB
[2024-10-19 11:36:58] [INFO]: The job was executed succesfully.
[2024-10-19 11:36:58] [INFO]: Starting Job number 78: FINALIZE JOB
[2024-10-19 11:36:58] [INFO]: The job was executed succesfully.
[2024-10-19 11:36:58] [INFO]: Starting Job number 79: DELETE JOB
[2024-10-19 11:36:58] [INFO]: The job was executed succesfully.
[2024-10-19 11:36:58] [INFO]: Starting Job number 80: DELETE JOB
[2024-10-19 11:36:58] [INFO]: The job was executed succesfully.
[2024-10-19 11:36:58] [INFO]: Starting Job number 81: DELETE JOB
[2024-10-19 11:36:58] [INFO]: The job was executed succesfully.
[2024-10-19 11:36:58] [INFO]: Starting Job number 82: FINALIZE JOB
[2024-10-19 11:36:58] [INFO]: The job was executed succesfully.
[2024-10-19 11:36:58] [INFO]: Starting Job number 83: DELETE JOB
[2024-10-19 11:36:58] [INFO]: The job was executed succesfully.
[2024-10-19 11:36:58] [INFO]: Starting Job number 84: FINALIZE JOB
[2024-10-19 11:36:58] [INFO]: The job was executed succesfully.
[2024-10-19 11:36:58] [INFO]: Starting Job number 85: DELETE JOB
[2024-10-19 11:36:58] [INFO]: The job was executed succesfully.
[2024-10-19 11:36:58] [INFO]: Starting Job number 86: FINALIZE JOB
[2024-10-19 11:36:58] [INFO]: The job was executed succesfully.
[2024-10-19 11:36:58] [INFO]: Starting Job number 87: DELETE JOB
[2024-10-19 11:36:58] [INFO]: The job was executed succesfully.
[2024-10-19 11:36:58] [INFO]: Starting Job number 88: FINALIZE JOB
[2024-10-19 11:36:58] [INFO]: The job was executed succesfully.
[2024-10-19 11:36:58] [INFO]: Starting Job number 89: DELETE JOB
[2024-10-19 11:36:58] [INFO]: The job was executed succesfully.
[2024-10-19 11:36:58] [INFO]: DONE! Merge succeeded
